0 info it worked if it ends with ok
1 verbose cli [ '/usr/local/bin/node', '/usr/local/bin/npm', 'run', 'release' ]
2 info using npm@4.0.5
3 info using node@v7.4.0
4 verbose run-script [ 'prerelease', 'release', 'postrelease' ]
5 info lifecycle sensitive-words@1.0.0~prerelease: sensitive-words@1.0.0
6 silly lifecycle sensitive-words@1.0.0~prerelease: no script for prerelease, continuing
7 info lifecycle sensitive-words@1.0.0~release: sensitive-words@1.0.0
8 verbose lifecycle sensitive-words@1.0.0~release: unsafe-perm in lifecycle true
9 verbose lifecycle sensitive-words@1.0.0~release: PATH: /usr/local/lib/node_modules/npm/bin/node-gyp-bin:/Users/trevordmiller/drive/personal/code/egghead/npm/npm-packages/sensitive-words/10-update/node_modules/.bin:/usr/local/bin:/usr/bin:/bin:/usr/sbin:/sbin::/Users/trevordmiller/drive/settings/scripts/main:/Users/trevordmiller/drive/settings/scripts/main/projects:/Users/trevordmiller/drive/settings/scripts/utils:/usr/local/bin:./node_modules/.bin:/Users/trevordmiller/.yarn/bin
10 verbose lifecycle sensitive-words@1.0.0~release: CWD: /Users/trevordmiller/drive/personal/code/egghead/npm/npm-packages/sensitive-words/10-update
11 silly lifecycle sensitive-words@1.0.0~release: Args: [ '-c', 'np' ]
12 silly lifecycle sensitive-words@1.0.0~release: Returned: code: 1  signal: null
13 info lifecycle sensitive-words@1.0.0~release: Failed to exec release script
14 verbose stack Error: sensitive-words@1.0.0 release: `np`
14 verbose stack Exit status 1
14 verbose stack     at EventEmitter.<anonymous> (/usr/local/lib/node_modules/npm/lib/utils/lifecycle.js:279:16)
14 verbose stack     at emitTwo (events.js:106:13)
14 verbose stack     at EventEmitter.emit (events.js:191:7)
14 verbose stack     at ChildProcess.<anonymous> (/usr/local/lib/node_modules/npm/lib/utils/spawn.js:40:14)
14 verbose stack     at emitTwo (events.js:106:13)
14 verbose stack     at ChildProcess.emit (events.js:191:7)
14 verbose stack     at maybeClose (internal/child_process.js:885:16)
14 verbose stack     at Process.ChildProcess._handle.onexit (internal/child_process.js:226:5)
15 verbose pkgid sensitive-words@1.0.0
16 verbose cwd /Users/trevordmiller/drive/personal/code/egghead/npm/npm-packages/sensitive-words/10-update
17 error Darwin 16.4.0
18 error argv "/usr/local/bin/node" "/usr/local/bin/npm" "run" "release"
19 error node v7.4.0
20 error npm  v4.0.5
21 error code ELIFECYCLE
22 error sensitive-words@1.0.0 release: `np`
22 error Exit status 1
23 error Failed at the sensitive-words@1.0.0 release script 'np'.
23 error Make sure you have the latest version of node.js and npm installed.
23 error If you do, this is most likely a problem with the sensitive-words package,
23 error not with npm itself.
23 error Tell the author that this fails on your system:
23 error     np
23 error You can get information on how to open an issue for this project with:
23 error     npm bugs sensitive-words
23 error Or if that isn't available, you can get their info via:
23 error     npm owner ls sensitive-words
23 error There is likely additional logging output above.
24 verbose exit [ 1, true ]
